mode: set
github.com/mrsubudei/task_for_golang_dev/users-service/internal/controller/http/v1/variables.go:15.35,18.2 1 1
github.com/mrsubudei/task_for_golang_dev/users-service/internal/controller/http/v1/variables.go:28.32,30.2 1 1
github.com/mrsubudei/task_for_golang_dev/users-service/internal/controller/http/v1/middleware.go:12.68,13.71 1 1
github.com/mrsubudei/task_for_golang_dev/users-service/internal/controller/http/v1/middleware.go:13.71,17.17 3 1
github.com/mrsubudei/task_for_golang_dev/users-service/internal/controller/http/v1/middleware.go:22.3,27.10 2 1
github.com/mrsubudei/task_for_golang_dev/users-service/internal/controller/http/v1/middleware.go:38.3,39.17 2 1
github.com/mrsubudei/task_for_golang_dev/users-service/internal/controller/http/v1/middleware.go:47.3,48.40 2 1
github.com/mrsubudei/task_for_golang_dev/users-service/internal/controller/http/v1/middleware.go:17.17,20.4 2 0
github.com/mrsubudei/task_for_golang_dev/users-service/internal/controller/http/v1/middleware.go:28.25,31.10 3 1
github.com/mrsubudei/task_for_golang_dev/users-service/internal/controller/http/v1/middleware.go:32.28,35.10 3 1
github.com/mrsubudei/task_for_golang_dev/users-service/internal/controller/http/v1/middleware.go:39.17,45.4 2 1
github.com/mrsubudei/task_for_golang_dev/users-service/internal/controller/http/v1/router.go:16.73,32.2 7 1
github.com/mrsubudei/task_for_golang_dev/users-service/internal/controller/http/v1/router.go:35.27,38.16 2 1
github.com/mrsubudei/task_for_golang_dev/users-service/internal/controller/http/v1/router.go:44.2,44.12 1 1
github.com/mrsubudei/task_for_golang_dev/users-service/internal/controller/http/v1/router.go:38.16,42.3 2 0
github.com/mrsubudei/task_for_golang_dev/users-service/internal/controller/http/v1/router.go:47.73,50.16 3 1
github.com/mrsubudei/task_for_golang_dev/users-service/internal/controller/http/v1/router.go:55.2,56.44 2 1
github.com/mrsubudei/task_for_golang_dev/users-service/internal/controller/http/v1/router.go:50.16,54.3 3 0
github.com/mrsubudei/task_for_golang_dev/users-service/internal/controller/http/v1/router.go:56.44,58.3 1 0
github.com/mrsubudei/task_for_golang_dev/users-service/internal/controller/http/v1/users.go:20.75,23.9 2 1
github.com/mrsubudei/task_for_golang_dev/users-service/internal/controller/http/v1/users.go:31.2,32.16 2 1
github.com/mrsubudei/task_for_golang_dev/users-service/internal/controller/http/v1/users.go:44.2,46.4 1 1
github.com/mrsubudei/task_for_golang_dev/users-service/internal/controller/http/v1/users.go:23.9,29.3 3 0
github.com/mrsubudei/task_for_golang_dev/users-service/internal/controller/http/v1/users.go:32.16,33.50 1 1
github.com/mrsubudei/task_for_golang_dev/users-service/internal/controller/http/v1/users.go:38.3,41.9 3 1
github.com/mrsubudei/task_for_golang_dev/users-service/internal/controller/http/v1/users.go:33.50,37.4 2 1
github.com/mrsubudei/task_for_golang_dev/users-service/internal/controller/http/v1/users.go:49.75,53.16 3 1
github.com/mrsubudei/task_for_golang_dev/users-service/internal/controller/http/v1/users.go:65.2,73.29 2 1
github.com/mrsubudei/task_for_golang_dev/users-service/internal/controller/http/v1/users.go:53.16,54.45 1 1
github.com/mrsubudei/task_for_golang_dev/users-service/internal/controller/http/v1/users.go:59.3,62.9 3 1
github.com/mrsubudei/task_for_golang_dev/users-service/internal/controller/http/v1/users.go:54.45,58.4 2 1
github.com/mrsubudei/task_for_golang_dev/users-service/internal/repository/mongodb/users.go:20.50,24.2 1 1
github.com/mrsubudei/task_for_golang_dev/users-service/internal/repository/mongodb/users.go:26.73,28.16 2 1
github.com/mrsubudei/task_for_golang_dev/users-service/internal/repository/mongodb/users.go:35.2,35.12 1 1
github.com/mrsubudei/task_for_golang_dev/users-service/internal/repository/mongodb/users.go:28.16,29.31 1 1
github.com/mrsubudei/task_for_golang_dev/users-service/internal/repository/mongodb/users.go:32.3,32.63 1 0
github.com/mrsubudei/task_for_golang_dev/users-service/internal/repository/mongodb/users.go:29.31,31.4 1 1
github.com/mrsubudei/task_for_golang_dev/users-service/internal/repository/mongodb/users.go:38.88,40.80 2 1
github.com/mrsubudei/task_for_golang_dev/users-service/internal/repository/mongodb/users.go:48.2,48.18 1 1
github.com/mrsubudei/task_for_golang_dev/users-service/internal/repository/mongodb/users.go:40.80,41.43 1 1
github.com/mrsubudei/task_for_golang_dev/users-service/internal/repository/mongodb/users.go:45.3,45.80 1 0
github.com/mrsubudei/task_for_golang_dev/users-service/internal/repository/mongodb/users.go:41.43,43.4 1 1
github.com/mrsubudei/task_for_golang_dev/users-service/internal/service/users.go:21.46,28.2 1 1
github.com/mrsubudei/task_for_golang_dev/users-service/internal/service/users.go:30.81,32.16 2 1
github.com/mrsubudei/task_for_golang_dev/users-service/internal/service/users.go:36.2,42.16 5 1
github.com/mrsubudei/task_for_golang_dev/users-service/internal/service/users.go:49.2,49.12 1 1
github.com/mrsubudei/task_for_golang_dev/users-service/internal/service/users.go:32.16,34.3 1 0
github.com/mrsubudei/task_for_golang_dev/users-service/internal/service/users.go:42.16,43.50 1 1
github.com/mrsubudei/task_for_golang_dev/users-service/internal/service/users.go:46.3,46.67 1 0
github.com/mrsubudei/task_for_golang_dev/users-service/internal/service/users.go:43.50,45.4 1 1
github.com/mrsubudei/task_for_golang_dev/users-service/internal/service/users.go:52.92,55.16 2 1
github.com/mrsubudei/task_for_golang_dev/users-service/internal/service/users.go:62.2,62.18 1 1
github.com/mrsubudei/task_for_golang_dev/users-service/internal/service/users.go:55.16,56.45 1 1
github.com/mrsubudei/task_for_golang_dev/users-service/internal/service/users.go:59.3,59.73 1 0
github.com/mrsubudei/task_for_golang_dev/users-service/internal/service/users.go:56.45,58.4 1 1
